PRISM
=====

Version: 4.7
Date: Mon Aug 08 21:27:12 CEST 2022
Hostname: JakobMac.local
Memory limits: cudd=1g, java(heap)=1g
Command line: prism examples/virus/virus3.nm examples/virus/virus3.props --exportpareto examples/virus/results/virus3.pareto -javastack 1024m --gurobi

Parsing model file "examples/virus/virus3.nm"...

Type:        MDP
Modules:     n11 n21 n31 n12 n22 n32 n13 n23 n33 
Variables:   s11 s21 s31 s12 s22 s32 s13 s23 s33 

Parsing properties file "examples/virus/virus3.props"...

3 properties:
(1) multi(R{"withvirus"}max=? [ S ], R{"clean"}>=0.15 [ S ])
(2) multi(R{"withvirus"}max=? [ S ], R{"clean"}>=0.15 [ S ], S>=0.1 [ "noneInfected" ])
(3) multi(R{"withvirus"}max=? [ S ], R{"clean"}>=0.15 [ S ], S>=0.3 [ "noneInfected" ])

---------------------------------------------------------------------

Model checking: multi(R{"withvirus"}max=? [ S ], R{"clean"}>=0.15 [ S ])

Warning: Switching to explicit engine to allow verification of the formula.

Building model...

Computing reachable states... 19682 states
Reachable states exploration and model construction done in 0.692 secs.
Sorting reachable states list...

Time for model construction: 0.822 seconds.

Warning: Deadlocks detected and fixed in 1 states

Type:        MDP
States:      19682 (1 initial)
Transitions: 282106
Choices:     170578
Max/avg:     17/8.67
Computing end components.
Finished computing end components.
Set parameter Username
Academic license - for non-commercial use only - expires 2023-07-03
Warning: Gurobi version mismatch between Java 9.5.1 and C library 9.5.2
Warning: Gurobi version mismatch between Java 9.5.1 and Jni 9.5.2
Set parameter IntFeasTol to value 1e-08
Set parameter DualReductions to value 0
Set parameter Method to value 1
Set parameter Quad to value 1
LP problem construction finished in 1.296 s.
Gurobi Optimizer version 9.5.2 build v9.5.2rc0 (mac64[x86])
Thread count: 4 physical cores, 8 logical processors, using up to 8 threads
Optimize a model with 38858 rows, 358033 columns and 1076056 nonzeros
Model fingerprint: 0x2259cb89
Coefficient statistics:
  Matrix range     [5e-01, 1e+00]
  Objective range  [1e+00, 9e+00]
  Bounds range     [1e+00, 1e+00]
  RHS range        [1e-01, 1e+00]
Presolve removed 12 rows and 20 columns
Presolve time: 0.68s
Presolved: 38846 rows, 358013 columns, 1075998 nonzeros

Iteration    Objective       Primal Inf.    Dual Inf.      Time
       0    5.4891255e+05   5.135187e+05   0.000000e+00      1s
     415    8.1707317e+00   0.000000e+00   0.000000e+00      1s

Use crossover to convert LP symmetric solution to basic solution...
Crossover log...

       0 DPushes remaining with DInf 0.0000000e+00                 2s

       4 PPushes remaining with PInf 0.0000000e+00                 2s
       0 PPushes remaining with PInf 0.0000000e+00                 2s

  Push phase complete: Pinf 0.0000000e+00, Dinf 5.8980598e-17      2s

Iteration    Objective       Primal Inf.    Dual Inf.      Time
     495    8.1707317e+00   0.000000e+00   0.000000e+00      2s

Solved in 495 iterations and 1.72 seconds (0.87 work units)
Optimal objective  8.170731707e+00
LP solving took 1.798 s.

Value in the initial state: 8.170731707317072

Time for model checking: 3.579 seconds.

Result: 8.170731707317072

---------------------------------------------------------------------

Model checking: multi(R{"withvirus"}max=? [ S ], R{"clean"}>=0.15 [ S ], S>=0.1 [ "noneInfected" ])

Warning: Switching to explicit engine to allow verification of the formula.
Computing end components.
Finished computing end components.
Set parameter Username
Academic license - for non-commercial use only - expires 2023-07-03
Warning: Gurobi version mismatch between Java 9.5.1 and C library 9.5.2
Warning: Gurobi version mismatch between Java 9.5.1 and Jni 9.5.2
Set parameter IntFeasTol to value 1e-08
Set parameter DualReductions to value 0
Set parameter Method to value 1
Set parameter Quad to value 1
LP problem construction finished in 1.511 s.
Gurobi Optimizer version 9.5.2 build v9.5.2rc0 (mac64[x86])
Thread count: 4 physical cores, 8 logical processors, using up to 8 threads
Optimize a model with 38859 rows, 358033 columns and 1076057 nonzeros
Model fingerprint: 0xaac18659
Coefficient statistics:
  Matrix range     [5e-01, 1e+00]
  Objective range  [1e+00, 9e+00]
  Bounds range     [1e+00, 1e+00]
  RHS range        [1e-01, 1e+00]
Presolve removed 12 rows and 19 columns
Presolve time: 0.78s
Presolved: 38847 rows, 358014 columns, 1076000 nonzeros

Iteration    Objective       Primal Inf.    Dual Inf.      Time
       0    5.4891255e+05   5.079921e+04   0.000000e+00      2s
   20072    9.3739191e+04   8.629458e+04   0.000000e+00      5s
   26185    9.3717388e+04   6.902206e+04   0.000000e+00     10s
   27548    9.3547873e+04   1.110301e+05   0.000000e+00     15s
   28809    9.3540383e+04   2.050969e+05   0.000000e+00     20s
   29905    9.3540379e+04   1.163376e+05   0.000000e+00     25s
   32325    9.3480187e+04   1.342619e+05   0.000000e+00     30s
   33125    9.3480183e+04   2.984363e+05   0.000000e+00     36s
   33815    9.3480181e+04   1.182155e+05   0.000000e+00     41s
   34591    9.3480178e+04   1.091228e+05   0.000000e+00     45s
   35381    9.3480176e+04   1.451638e+05   0.000000e+00     51s
   38305    9.3454295e+04   1.304897e+05   0.000000e+00     55s
   40423    9.3437072e+04   1.241603e+05   0.000000e+00     60s
   42587    9.3424938e+04   6.304640e+05   0.000000e+00     65s
   43187    9.3424935e+04   5.066226e+05   0.000000e+00     70s
   43657    9.3424922e+04   1.522609e+06   0.000000e+00     75s
   44017    9.3424911e+04   9.818932e+05   0.000000e+00     80s
   44497    9.3424900e+04   6.799975e+06   0.000000e+00     86s
   44977    9.3424888e+04   9.297338e+06   0.000000e+00     91s
   45577    9.3424876e+04   5.261266e+06   0.000000e+00     96s
   46177    9.3424865e+04   1.014424e+07   0.000000e+00    101s
   46767    9.3424853e+04   5.440049e+06   0.000000e+00    106s
   47257    9.3424842e+04   8.623011e+06   0.000000e+00    111s
   47857    9.3424826e+04   5.651137e+06   0.000000e+00    116s
   48337    9.3424812e+04   1.037640e+07   0.000000e+00    121s
   48947    9.3424790e+04   2.056431e+07   0.000000e+00    126s
   49477    9.3424764e+04   1.723580e+07   0.000000e+00    131s
   50007    9.3424737e+04   4.473762e+07   0.000000e+00    136s
   50517    9.3424710e+04   2.336699e+07   0.000000e+00    141s
   50827    9.3424693e+04   2.185486e+07   0.000000e+00    145s
   51307    9.3424662e+04   5.314156e+07   0.000000e+00    151s
   51667    9.3424642e+04   2.234701e+07   0.000000e+00    155s
   52147    9.3424599e+04   9.650411e+07   0.000000e+00    161s
   53267    4.7619260e+02   7.628610e+05   0.000000e+00    165s
   54069    1.5460736e+02   2.667114e+05   0.000000e+00    171s
   54649    8.0821400e+01   2.594448e+05   0.000000e+00    176s
   54979    6.6106831e+01   1.218402e+05   0.000000e+00    180s
   55419    5.5801135e+01   1.262993e+05   0.000000e+00    185s
   55999    2.5309322e+01   1.246032e+05   0.000000e+00    190s
   56589    7.2079419e+00   1.058136e+04   0.000000e+00    196s
   57109    7.2079349e+00   3.152534e+03   0.000000e+00    200s
   57609    7.2079333e+00   4.601666e+03   0.000000e+00    206s
   58009    7.2079323e+00   8.505460e+02   0.000000e+00    211s
   58329    7.2079315e+00   7.558857e+02   0.000000e+00    216s
   58649    7.2079309e+00   4.936297e+02   0.000000e+00    221s
   58949    7.2079305e+00   1.650077e+03   0.000000e+00    226s
   59249    7.2079302e+00   6.019966e+02   0.000000e+00    231s
   59649    7.2079297e+00   2.823592e+02   0.000000e+00    235s
   60089    7.2079294e+00   2.306378e+01   0.000000e+00    240s
   60489    7.2079294e+00   1.301307e+00   0.000000e+00    246s
   60736    7.3536585e+00   0.000000e+00   0.000000e+00    250s

Use crossover to convert LP symmetric solution to basic solution...
Crossover log...

   26168 DPushes remaining with DInf 0.0000000e+00               250s
       0 DPushes remaining with DInf 0.0000000e+00               250s

       5 PPushes remaining with PInf 0.0000000e+00               250s
       0 PPushes remaining with PInf 0.0000000e+00               250s

  Push phase complete: Pinf 0.0000000e+00, Dinf 6.5365854e+01    250s

Iteration    Objective       Primal Inf.    Dual Inf.      Time
   72125    7.3536585e+00   0.000000e+00   0.000000e+00    251s
   72125    7.3536585e+00   0.000000e+00   0.000000e+00    251s

Solved in 72125 iterations and 250.81 seconds (111.20 work units)
Optimal objective  7.353658537e+00
LP solving took 250.928 s.

Value in the initial state: 7.353658536585366

Time for model checking: 252.684 seconds.

Result: 7.353658536585366

---------------------------------------------------------------------

Model checking: multi(R{"withvirus"}max=? [ S ], R{"clean"}>=0.15 [ S ], S>=0.3 [ "noneInfected" ])

Warning: Switching to explicit engine to allow verification of the formula.
Computing end components.
Finished computing end components.
Set parameter Username
Academic license - for non-commercial use only - expires 2023-07-03
Warning: Gurobi version mismatch between Java 9.5.1 and C library 9.5.2
Warning: Gurobi version mismatch between Java 9.5.1 and Jni 9.5.2
Set parameter IntFeasTol to value 1e-08
Set parameter DualReductions to value 0
Set parameter Method to value 1
Set parameter Quad to value 1
LP problem construction finished in 2.192 s.
Gurobi Optimizer version 9.5.2 build v9.5.2rc0 (mac64[x86])
Thread count: 4 physical cores, 8 logical processors, using up to 8 threads
Optimize a model with 38859 rows, 358033 columns and 1076057 nonzeros
Model fingerprint: 0x31c025f3
Coefficient statistics:
  Matrix range     [5e-01, 1e+00]
  Objective range  [1e+00, 9e+00]
  Bounds range     [1e+00, 1e+00]
  RHS range        [1e-01, 1e+00]
Presolve removed 12 rows and 19 columns
Presolve time: 1.01s
Presolved: 38847 rows, 358014 columns, 1076000 nonzeros

Iteration    Objective       Primal Inf.    Dual Inf.      Time
       0    5.4891255e+05   5.079944e+04   0.000000e+00      2s
   15856    7.4375279e+04   5.325080e+04   0.000000e+00      5s
   25139    7.4370877e+04   1.198718e+05   0.000000e+00     10s
   26309    7.4294406e+04   6.865985e+04   0.000000e+00     16s
   28184    7.4204173e+04   8.108115e+04   0.000000e+00     20s
   29130    7.4204171e+04   2.201911e+05   0.000000e+00     25s
   30056    7.4204169e+04   1.509330e+05   0.000000e+00     31s
   30746    7.4204167e+04   1.955227e+05   0.000000e+00     36s
   31787    7.4204165e+04   9.120642e+04   0.000000e+00     40s
   32683    7.4201747e+04   1.595849e+05   0.000000e+00     45s
   33373    7.4201746e+04   1.518625e+05   0.000000e+00     51s
   34173    7.4201743e+04   1.909363e+05   0.000000e+00     55s
   34833    7.4201741e+04   1.156617e+05   0.000000e+00     60s
   35433    7.4201739e+04   9.262538e+04   0.000000e+00     65s
   36263    7.4201737e+04   1.189795e+05   0.000000e+00     71s
   37663    7.4201734e+04   1.228100e+05   0.000000e+00     76s
   42355    7.4193878e+04   2.118262e+05   0.000000e+00     80s
   43345    7.4193877e+04   7.600063e+04   0.000000e+00     86s
   44811    7.4193875e+04   2.024483e+05   0.000000e+00     90s
   45945    7.4193874e+04   3.099642e+05   0.000000e+00     95s
   46425    7.4193860e+04   2.054535e+06   0.000000e+00    101s
   46785    7.4193851e+04   4.110781e+05   0.000000e+00    105s
   47145    7.4193843e+04   5.920067e+06   0.000000e+00    110s
   47505    7.4193837e+04   2.105423e+06   0.000000e+00    116s
   47985    7.4193829e+04   1.083646e+07   0.000000e+00    121s
   48345    7.4193823e+04   7.523934e+06   0.000000e+00    125s
   48705    7.4193818e+04   5.930598e+06   0.000000e+00    131s
   49155    7.4193812e+04   9.765638e+06   0.000000e+00    136s
   49635    7.4193804e+04   1.704977e+07   0.000000e+00    141s
   49995    7.4193797e+04   8.723388e+06   0.000000e+00    145s
   50595    7.4193783e+04   7.321072e+06   0.000000e+00    151s
   51095    7.4193768e+04   4.110501e+07   0.000000e+00    156s
   51535    7.4193753e+04   2.726917e+07   0.000000e+00    161s
   52075    7.4193732e+04   1.313198e+07   0.000000e+00    166s
   52635    7.4193713e+04   2.502003e+07   0.000000e+00    170s
   53225    7.4193687e+04   1.239317e+08   0.000000e+00    175s
   54611    3.8481487e+02   6.449033e+05   0.000000e+00    180s
   55599    1.1760490e+02   2.505249e+05   0.000000e+00    185s
   56329    1.1013826e+02   1.380640e+05   0.000000e+00    191s
   57035    7.8886727e+01   8.521163e+04   0.000000e+00    195s
   57795    6.1649546e+01   1.520290e+05   0.000000e+00    201s
   58505    4.5513584e+01   2.797982e+04   0.000000e+00    205s
   59335    3.3489126e+01   5.560803e+04   0.000000e+00    211s
   60035    2.6679419e+01   6.054719e+04   0.000000e+00    215s
   60885    1.9503660e+01   2.906241e+04   0.000000e+00    221s
   61665    5.6052573e+00   2.031914e+04   0.000000e+00    225s
   62375    5.6052426e+00   4.461880e+03   0.000000e+00    230s
   63095    5.6052388e+00   6.184406e+02   0.000000e+00    236s
   63715    5.4743249e+00   1.912414e-01   0.000000e+00    241s
   64515    5.4519028e+00   2.927353e-02   0.000000e+00    246s
   65415    5.4335205e+00   1.089118e-02   0.000000e+00    250s
   66315    5.4151381e+00   2.008235e-02   0.000000e+00    255s
   67065    5.4027357e+00   5.252883e-02   0.000000e+00    260s
   67975    5.3875645e+00   5.936205e+00   0.000000e+00    265s
   68905    5.3783733e+00   3.138024e+00   0.000000e+00    270s
   69805    5.3416086e+00   1.000856e+00   0.000000e+00    275s
   70705    5.0732266e+00   2.246946e+00   0.000000e+00    280s
   71605    4.9482267e+00   4.884487e+00   0.000000e+00    285s
   72605    4.8857260e+00   6.936670e+00   0.000000e+00    290s
   73505    4.8154137e+00   5.231677e+00   0.000000e+00    295s
   74205    4.7607261e+00   1.738879e+00   0.000000e+00    300s
   75005    4.7301409e+00   1.069555e+00   0.000000e+00    305s
   75605    4.6982256e+00   3.894169e+00   0.000000e+00    311s
   76345    4.6279134e+00   1.390008e+00   0.000000e+00    316s
   76845    4.5732260e+00   4.842713e+00   0.000000e+00    320s
   77345    4.5426408e+00   2.439521e+00   0.000000e+00    326s
   77845    4.5107254e+00   6.674626e+00   0.000000e+00    330s
   78545    4.3232258e+00   3.482499e+00   0.000000e+00    336s
Iteration    Objective       Primal Inf.    Dual Inf.      Time
   78632    5.4892800e+05   8.766972e+05   0.000000e+00    336s
   80492    5.6397059e+00   1.102941e-01   0.000000e+00    340s
   81692    5.6213235e+00   3.676471e-02   0.000000e+00    345s
   82892    5.6029410e+00   7.352941e-02   0.000000e+00    350s
   83732    5.6029409e+00   7.352941e-02   0.000000e+00    356s
   84332    5.6029407e+00   7.352941e-02   0.000000e+00    360s
   84812    5.6029406e+00   1.102941e-01   0.000000e+00    365s
   85292    5.6029404e+00   7.352941e-02   0.000000e+00    370s
   85892    5.5845586e+00   3.676471e-02   0.000000e+00    375s
   86612    5.5845586e+00   3.676471e-02   0.000000e+00    380s
   87572    5.5845585e+00   3.676471e-02   0.000000e+00    386s
   88412    5.5845584e+00   5.514706e-02   0.000000e+00    390s
   89372    5.5661764e+00   1.470588e-01   0.000000e+00    396s
   90212    5.5661763e+00   7.352941e-02   0.000000e+00    401s
   90932    5.5661762e+00   2.450980e-02   0.000000e+00    406s
   91652    5.5661761e+00   7.352941e-02   0.000000e+00    410s
   92492    5.5661760e+00   7.352941e-02   0.000000e+00    415s
   93212    5.5661758e+00   1.102941e-01   0.000000e+00    420s
   93812    5.5661756e+00   1.470588e-01   0.000000e+00    425s
   94532    5.5477939e+00   3.676471e-02   0.000000e+00    431s
   95132    5.5477938e+00   9.191176e-02   0.000000e+00    435s
   95852    5.5477938e+00   9.191176e-02   0.000000e+00    441s
   96452    5.5477937e+00   3.676471e-02   0.000000e+00    445s
   97052    5.5477935e+00   3.676471e-02   0.000000e+00    450s
   97532    5.5294119e+00   2.573529e-01   0.000000e+00    456s
   98012    5.5294117e+00   1.470588e-01   0.000000e+00    462s
   98372    5.5294116e+00   2.205882e-01   0.000000e+00    465s
   98972    5.5294116e+00   7.352941e-02   0.000000e+00    471s
   99572    5.5294115e+00   2.205882e-02   0.000000e+00    475s
  100412    5.5294114e+00   7.352941e-02   0.000000e+00    481s
  101132    5.5294114e+00   7.352941e-02   0.000000e+00    485s
  101972    5.5294111e+00   7.352941e-02   0.000000e+00    491s
  102572    5.5250003e+00   3.952381e-01   0.000000e+00    496s
  102932    5.5110292e+00   9.191176e-03   0.000000e+00    500s
  103412    5.5110292e+00   3.676471e-02   0.000000e+00    506s
  104012    5.5110291e+00   9.191176e-03   0.000000e+00    511s
  104732    5.5110291e+00   3.676471e-02   0.000000e+00    516s
  105452    5.4943174e+00   2.130682e-01   0.000000e+00    521s
  106172    5.4926470e+00   4.901961e-02   0.000000e+00    526s
  106892    5.4926469e+00   3.676471e-02   0.000000e+00    530s
  107612    5.4926468e+00   7.352941e-02   0.000000e+00    535s
  108212    5.4926468e+00   6.127451e-02   0.000000e+00    540s
  108812    5.4926467e+00   1.225490e-02   0.000000e+00    545s
  109412    5.4926466e+00   1.225490e-02   0.000000e+00    551s
  110012    5.4742648e+00   5.514706e-02   0.000000e+00    556s
  110612    5.4742646e+00   9.191176e-02   0.000000e+00    560s
  111332    5.4742645e+00   5.514706e-02   0.000000e+00    566s
  111932    5.4742644e+00   1.838235e-02   0.000000e+00    571s
  112412    5.4742643e+00   1.838235e-02   0.000000e+00    576s
  112772    5.4558825e+00   7.352941e-02   0.000000e+00    581s
  113132    5.4375001e+00   1.184524e+00   0.000000e+00    586s
  113612    5.3749990e+00   7.500000e-01   0.000000e+00    591s
  114092    5.3281247e+00   3.281250e-01   0.000000e+00    595s
  114812    5.2499996e+00   4.583333e-01   0.000000e+00    600s
  115532    5.2124996e+00   1.666667e-01   0.000000e+00    605s
  116252    5.1875000e+00   6.250000e-01   0.000000e+00    610s
  116852    5.1874988e+00   6.250000e-01   0.000000e+00    615s
  117452    5.1687495e+00   2.062500e-01   0.000000e+00    620s
  117932    5.1562497e+00   5.208333e-01   0.000000e+00    626s
  118292    5.1562488e+00   1.875000e-01   0.000000e+00    631s
  118652    5.1171870e+00   2.500000e-01   0.000000e+00    635s
  119252    5.0937494e+00   2.812500e-01   0.000000e+00    641s
  119852    5.0937486e+00   5.781250e-01   0.000000e+00    646s
  120452    5.0937480e+00   3.437500e-01   0.000000e+00    650s
  121052    5.0937469e+00   3.305446e+01   0.000000e+00    655s
  121752    5.0937442e+00   6.389599e+02   0.000000e+00    661s
  122122    5.0624994e+00   5.000000e-01   0.000000e+00    665s
  122602    5.0046868e+00   3.966406e+00   0.000000e+00    671s
  122842    5.0000003e+00   6.250000e-01   0.000000e+00    678s
  122962    4.9999999e+00   5.000000e-01   0.000000e+00    688s
  123082    4.9999997e+00   7.500000e-01   0.000000e+00    692s
  123422    4.9999991e+00   7.204195e+01   0.000000e+00    696s
  124022    4.9999980e+00   1.950503e+01   0.000000e+00    700s
  124622    4.9999965e+00   1.756646e+02   0.000000e+00    705s
  125292    4.9999946e+00   4.696839e+01   0.000000e+00    711s
  125822    4.9999816e+00   2.216232e+02   0.000000e+00    715s
  126412    4.9692399e+00   3.127360e+01   0.000000e+00    720s
  127012    4.9256457e+00   2.735465e+01   0.000000e+00    726s
  127452    4.9062635e+00   4.429950e+02   0.000000e+00    730s
  128172    4.9062584e+00   6.718467e+02   0.000000e+00    736s
  128762    4.9062541e+00   9.351552e+01   0.000000e+00    741s
  129432    4.9062523e+00   3.407839e+02   0.000000e+00    746s
  130012    4.9062502e+00   8.373247e+01   0.000000e+00    750s
  130722    4.9062492e+00   1.349302e+01   0.000000e+00    756s
  131282    4.9062486e+00   1.264611e+02   0.000000e+00    760s
  131972    4.8750093e+00   8.364967e+02   0.000000e+00    765s
  132572    4.8629799e+00   1.033265e+01   0.000000e+00    770s
  133172    4.8437486e+00   1.083333e+00   0.000000e+00    775s
  133762    4.8437467e+00   8.843112e+01   0.000000e+00    780s
  134362    4.8359369e+00   1.418993e+01   0.000000e+00    785s
  135082    4.8203103e+00   4.982455e+01   0.000000e+00    791s
  135682    4.8124998e+00   1.351152e+02   0.000000e+00    796s
  136282    4.8124984e+00   1.476692e+02   0.000000e+00    800s
  136882    4.8044980e+00   1.236876e+02   0.000000e+00    805s
  137482    4.7968747e+00   1.959681e+02   0.000000e+00    811s
  137842    4.7961006e+00   4.762253e+02   0.000000e+00    815s
  138082    4.7937490e+00   1.356487e+01   0.000000e+00    820s
  138562    4.7937487e+00   1.282094e+01   0.000000e+00    826s
  139042    4.7937485e+00   2.199328e+01   0.000000e+00    831s
  139522    4.7937484e+00   1.613261e+01   0.000000e+00    836s
  140142    4.7924096e+00   1.529347e+01   0.000000e+00    841s
  140632    4.7920785e+00   7.001698e+01   0.000000e+00    845s
  141282    4.7900537e+00   6.089392e+03   0.000000e+00    850s
  141912    4.7881590e+00   1.631198e+02   0.000000e+00    855s
  142482    4.7828952e+00   3.735804e+02   0.000000e+00    860s
  143182    4.7802726e+00   2.983199e+00   0.000000e+00    865s
  143882    4.7741261e+00   1.760642e+02   0.000000e+00    871s
  144482    4.7721669e+00   1.180554e+02   0.000000e+00    875s
  145182    4.7681834e+00   3.470324e+02   0.000000e+00    881s
  145792    4.7656233e+00   1.257203e+01   0.000000e+00    885s
  146392    4.7626592e+00   2.617227e+02   0.000000e+00    890s
  147102    4.7566112e+00   7.896206e+01   0.000000e+00    896s
  147812    4.7522193e+00   1.074303e+02   0.000000e+00    901s
  148372    4.7499987e+00   1.019881e+01   0.000000e+00    905s
  149032    4.7466986e+00   1.095552e+03   0.000000e+00    910s
  149652    4.7421863e+00   3.890625e-01   0.000000e+00    915s
  150342    4.7383362e+00   9.851733e+02   0.000000e+00    921s
  150842    4.7279515e+00   6.924517e+03   0.000000e+00    925s
  151452    4.7233283e+00   3.783015e+02   0.000000e+00    931s
  151932    4.7222987e+00   2.033697e+02   0.000000e+00    936s
  152432    4.7212470e+00   4.755449e+02   0.000000e+00    941s
  152862    4.7190677e+00   3.968078e+03   0.000000e+00    945s
  153402    4.7187517e+00   3.486255e+02   0.000000e+00    950s
  154082    4.7187256e+00   1.080623e+03   0.000000e+00    956s
  154732    4.7165018e+00   5.167937e+02   0.000000e+00    961s
  155402    4.7028287e+00   2.352167e+03   0.000000e+00    966s
  156012    4.6993869e+00   2.600639e+03   0.000000e+00    971s
  156662    4.6978882e+00   2.917739e+03   0.000000e+00    976s
  157332    4.6942586e+00   3.283944e+03   0.000000e+00    981s
  157812    4.6887815e+00   2.493082e+03   0.000000e+00    985s
  158222    4.6827397e+00   4.868205e+03   0.000000e+00    990s
  158692    4.6718753e+00   3.701066e+02   0.000000e+00    995s
  159222    4.6671361e+00   7.318162e+02   0.000000e+00   1000s
  159912    4.6494794e+00   2.867768e+04   0.000000e+00   1005s
  160672    4.6249979e+00   1.293762e+03   0.000000e+00   1010s
  161262    4.6243545e+00   3.718859e+03   0.000000e+00   1015s
  162082    4.6050707e+00   2.691657e+04   0.000000e+00   1020s
  163016    4.5384405e+00   1.549920e+04   0.000000e+00   1026s
  163844    4.4678266e+00   3.274452e+05   0.000000e+00   1031s

Solved in 164179 iterations and 1032.56 seconds (651.54 work units)
Infeasible model
LP solving took 1032.731 s.

Value in the initial state: NaN

Time for model checking: 1035.403 seconds.

Result: NaN

---------------------------------------------------------------------

Note: There were 4 warnings during computation.

