PRISM
=====

Version: 4.7
Date: Mon Aug 08 21:26:08 CEST 2022
Hostname: JakobMac.local
Memory limits: cudd=1g, java(heap)=1g
Command line: prism examples/memory_bound.nm examples/memory_bound.props --gurobi

Parsing model file "examples/memory_bound.nm"...

Type:        MDP
Modules:     lecture 
Variables:   state 

Parsing properties file "examples/memory_bound.props"...

1 property:
(1) mlessmulti(1000, P>=1 [ G F "t" ], S>=1 [ "s" ])

---------------------------------------------------------------------

Model checking: mlessmulti(1000, P>=1 [ G F "t" ], S>=1 [ "s" ])

Warning: Switching to explicit engine to allow verification of the formula.

Building model...

Computing reachable states... 2 states
Reachable states exploration and model construction done in 0.007 secs.
Sorting reachable states list...

Time for model construction: 0.026 seconds.

Type:        MDP
States:      2 (1 initial)
Transitions: 3
Choices:     3
Max/avg:     2/1.50

Building deterministic automaton (for G F "L0")...
Taking DRA from library...
DRA has 2 states, 1 Rabin pairs.
Time for DRA translation: 0.014 seconds.

Constructing MDP-DRA product...
Time for product construction: 0.004 seconds, product has 2 states (2 initial), 3 transitions, 3 choices, dist max/avg = 2/1.50.
Computing end components.
Finished computing end components.
Set parameter Username
Academic license - for non-commercial use only - expires 2023-07-03
Warning: Gurobi version mismatch between Java 9.5.1 and C library 9.5.2
Warning: Gurobi version mismatch between Java 9.5.1 and Jni 9.5.2
Set parameter IntFeasTol to value 1e-08
Set parameter DualReductions to value 0
Set parameter Method to value 1
Set parameter Quad to value 1
LP problem construction finished in 0.044 s.
Gurobi Optimizer version 9.5.2 build v9.5.2rc0 (mac64[x86])
Thread count: 4 physical cores, 8 logical processors, using up to 8 threads
Optimize a model with 9 rows, 9 columns and 21 nonzeros
Model fingerprint: 0x951564aa
Coefficient statistics:
  Matrix range     [1e+00, 1e+00]
  Objective range  [1e+00, 1e+00]
  Bounds range     [1e+00, 1e+00]
  RHS range        [1e-03, 1e+00]
Presolve removed 8 rows and 5 columns
Presolve time: 0.01s
Presolved: 1 rows, 4 columns, 2 nonzeros

Iteration    Objective       Primal Inf.    Dual Inf.      Time
       0    0.0000000e+00   5.000000e-01   0.000000e+00      0s
       1    1.0000000e-03   0.000000e+00   0.000000e+00      0s

Solved in 1 iterations and 0.01 seconds (0.00 work units)
Optimal objective  1.000000000e-03
LP solving took 0.016 s.

Value in the initial state: 0.001

Time for model checking: 0.088 seconds.

Result: 0.001

---------------------------------------------------------------------

Note: There was 1 warning during computation.

