PRISM
=====

Version: 4.7
Date: Mon Aug 08 13:22:19 CEST 2022
Hostname: JakobMac.local
Memory limits: cudd=1g, java(heap)=1g
Command line: prism examples/pareto2d.nm examples/pareto2d.props --exportpareto examples/results/pareto2d.pareto --gurobi

Parsing model file "examples/pareto2d.nm"...

Type:        MDP
Modules:     lecture 
Variables:   state 

Parsing properties file "examples/pareto2d.props"...

1 property:
(1) multi(R{"reward1"}max=? [ S ], R{"reward2"}max=? [ S ], P>=1 [ G state!=1 ], S>=0.5 [ "someLabel" ])

---------------------------------------------------------------------

Model checking: multi(R{"reward1"}max=? [ S ], R{"reward2"}max=? [ S ], P>=1 [ G state!=1 ], S>=0.5 [ "someLabel" ])

Warning: Switching to explicit engine to allow verification of the formula.

Building model...

Computing reachable states... 8 states
Reachable states exploration and model construction done in 0.008 secs.
Sorting reachable states list...

Time for model construction: 0.026 seconds.

Warning: Deadlocks detected and fixed in 5 states

Type:        MDP
States:      8 (1 initial)
Transitions: 15
Choices:     12
Max/avg:     4/1.50

Building deterministic automaton (for G "L0")...
Taking DRA from library...
DRA has 2 states, 1 Rabin pairs.
Time for DRA translation: 0.01 seconds.

Constructing MDP-DRA product...
Time for product construction: 0.002 seconds, product has 8 states (8 initial), 15 transitions, 12 choices, dist max/avg = 4/1.50.
Computing end components.
Finished computing end components.
Set parameter Username
Academic license - for non-commercial use only - expires 2023-07-03
Warning: Gurobi version mismatch between Java 9.5.1 and C library 9.5.2
Warning: Gurobi version mismatch between Java 9.5.1 and Jni 9.5.2
Set parameter IntFeasTol to value 1e-08
Set parameter DualReductions to value 0
Set parameter Method to value 1
Set parameter Quad to value 1
LP problem construction finished in 0.02 s.
Gurobi Optimizer version 9.5.2 build v9.5.2rc0 (mac64[x86])
Thread count: 4 physical cores, 8 logical processors, using up to 8 threads
Optimize a model with 23 rows, 29 columns and 68 nonzeros
Model fingerprint: 0x71dbc81e
Coefficient statistics:
  Matrix range     [2e-01, 1e+00]
  Objective range  [2e+00, 1e+01]
  Bounds range     [1e+00, 1e+00]
  RHS range        [5e-01, 1e+00]
Presolve removed 21 rows and 17 columns
Presolve time: 0.00s
Presolved: 2 rows, 12 columns, 8 nonzeros

Iteration    Objective       Primal Inf.    Dual Inf.      Time
       0    2.6116000e+00   4.516000e-01   0.000000e+00      0s
       2    8.0000000e-01   0.000000e+00   0.000000e+00      0s

Solved in 2 iterations and 0.00 seconds (0.00 work units)
Optimal objective  8.000000000e-01
Gurobi Optimizer version 9.5.2 build v9.5.2rc0 (mac64[x86])
Thread count: 4 physical cores, 8 logical processors, using up to 8 threads
Optimize a model with 23 rows, 29 columns and 68 nonzeros
Coefficient statistics:
  Matrix range     [2e-01, 1e+00]
  Objective range  [2e+00, 1e+01]
  Bounds range     [1e+00, 1e+00]
  RHS range        [5e-01, 1e+00]
Iteration    Objective       Primal Inf.    Dual Inf.      Time
       0    1.0000000e+30   2.500000e+30   1.000000e+00      0s
       2    8.0000000e-01   0.000000e+00   0.000000e+00      0s

Solved in 2 iterations and 0.00 seconds (0.00 work units)
Optimal objective  8.000000000e-01
Gurobi Optimizer version 9.5.2 build v9.5.2rc0 (mac64[x86])
Thread count: 4 physical cores, 8 logical processors, using up to 8 threads
Optimize a model with 23 rows, 29 columns and 68 nonzeros
Coefficient statistics:
  Matrix range     [2e-01, 1e+00]
  Objective range  [1e+00, 1e+01]
  Bounds range     [1e+00, 1e+00]
  RHS range        [5e-01, 1e+00]
Iteration    Objective       Primal Inf.    Dual Inf.      Time
       0    2.0000000e+29   2.500000e+30   2.000000e-01      0s
       1    5.0000000e-01   0.000000e+00   0.000000e+00      0s

Solved in 1 iterations and 0.00 seconds (0.00 work units)
Optimal objective  5.000000000e-01
Gurobi Optimizer version 9.5.2 build v9.5.2rc0 (mac64[x86])
Thread count: 4 physical cores, 8 logical processors, using up to 8 threads
Optimize a model with 23 rows, 29 columns and 68 nonzeros
Coefficient statistics:
  Matrix range     [2e-01, 1e+00]
  Objective range  [8e-01, 1e+01]
  Bounds range     [1e+00, 1e+00]
  RHS range        [5e-01, 1e+00]
Iteration    Objective       Primal Inf.    Dual Inf.      Time
       0    5.0000000e-01   0.000000e+00   0.000000e+00      0s

Solved in 0 iterations and 0.00 seconds (0.00 work units)
Optimal objective  5.000000000e-01
Gurobi Optimizer version 9.5.2 build v9.5.2rc0 (mac64[x86])
Thread count: 4 physical cores, 8 logical processors, using up to 8 threads
Optimize a model with 23 rows, 29 columns and 68 nonzeros
Coefficient statistics:
  Matrix range     [2e-01, 1e+00]
  Objective range  [8e-01, 1e+01]
  Bounds range     [1e+00, 1e+00]
  RHS range        [5e-01, 1e+00]
Iteration    Objective       Primal Inf.    Dual Inf.      Time
       0    5.0000000e-01   0.000000e+00   0.000000e+00      0s

Solved in 0 iterations and 0.00 seconds (0.00 work units)
Optimal objective  5.000000000e-01
Approximated pareto front in 4/10000 iterations with tolerance 0.01
Exported Pareto curve. To see it, run
 etc/scripts/pareto-plot.py examples/results/pareto2d.pareto

Value in the initial state: [(0.5, 0.5), (0.0, 0.8), (0.8, 0.0)]

Time for model checking: 0.062 seconds.

Result: [(0.5, 0.5), (0.0, 0.8), (0.8, 0.0)]

---------------------------------------------------------------------

Note: There were 2 warnings during computation.

